This is pdfTeX, Version 3.14159265-2.6-1.40.16 (TeX Live 2015/Debian) (preloaded format=pdflatex 2015.10.29)  4 FEB 2016 13:14
entering extended mode
 restricted \write18 enabled.
 %&-line parsing enabled.
**/home/maltimore/Dropbox/Studium/Selected_Topics_Mathematical_Statistics/Quizz
es_bigger_font/Quiz1/lvblisting.sty

(/home/maltimore/Dropbox/Studium/Selected_Topics_Mathematical_Statistics/Quizze
s_bigger_font/Quiz1/lvblisting.sty
LaTeX2e <2015/01/01>
Babel <3.9l> and hyphenation patterns for 79 languages loaded.
! Undefined control sequence.
l.4 \lstdefinelanguage
                      {Xplore}{ 
Here is how much of TeX's memory you used:
 7 strings out of 493085
 442 string characters out of 6136916
 52742 words of memory out of 5000000
 3590 multiletter control sequences out of 15000+600000
 3640 words of font info for 14 fonts, out of 8000000 for 9000
 1141 hyphenation exceptions out of 8191
 5i,0n,1p,168b,8s stack positions out of 5000i,500n,10000p,200000b,80000s

!  ==> Fatal error occurred, no output PDF file produced!
